==78059== Memcheck, a memory error detector
==78059== Copyright (C) 2002-2022, and GNU GPL'd, by Julian Seward et al.
==78059== Using Valgrind-3.21.0.GIT-lbmacos and LibVEX; rerun with -h for copyright info
==78059== Command: ./minishell
==78059== Parent PID: 44314
==78059== 
==78059== 
==78059== HEAP SUMMARY:
==78059==     in use at exit: 324,099 bytes in 391 blocks
==78059==   total heap usage: 772 allocs, 381 frees, 527,579 bytes allocated
==78059== 
==78059== 35 bytes in 1 blocks are definitely lost in loss record 27 of 104
==78059==    at 0x100128545: malloc (in /System/Volumes/Data/sgoinfre/goinfre/Perso/nimai/homebrew/Cellar/valgrind/HEAD-73c9e41/libexec/valgrind/vgpreload_memcheck-amd64-darwin.so)
==78059==    by 0x100003820: ft_calloc (in ./minishell)
==78059==    by 0x100003ABA: ft_strdup (in ./minishell)
==78059==    by 0x100004585: init_data (main.c:39)
==78059==    by 0x100004427: main (main.c:55)
==78059== 
==78059== 81 (56 direct, 25 indirect) bytes in 3 blocks are definitely lost in loss record 37 of 104
==78059==    at 0x100128545: malloc (in /System/Volumes/Data/sgoinfre/goinfre/Perso/nimai/homebrew/Cellar/valgrind/HEAD-73c9e41/libexec/valgrind/vgpreload_memcheck-amd64-darwin.so)
==78059==    by 0x100003820: ft_calloc (in ./minishell)
==78059==    by 0x100005169: fill_args (cmd_split.c:85)
==78059==    by 0x100004FA8: split_input (cmd_split.c:125)
==78059==    by 0x100004978: process_input (minishell.c:105)
==78059==    by 0x100004901: minishell (minishell.c:139)
==78059==    by 0x10000444B: main (main.c:58)
==78059== 
==78059== LEAK SUMMARY:
==78059==    definitely lost: 91 bytes in 4 blocks
==78059==    indirectly lost: 25 bytes in 4 blocks
==78059==      possibly lost: 0 bytes in 0 blocks
==78059==    still reachable: 309,957 bytes in 222 blocks
==78059==         suppressed: 14,026 bytes in 161 blocks
==78059== Reachable blocks (those to which a pointer was found) are not shown.
==78059== To see them, rerun with: --leak-check=full --show-leak-kinds=all
==78059== 
==78059== For lists of detected and suppressed errors, rerun with: -s
==78059== ERROR SUMMARY: 2 errors from 2 contexts (suppressed: 4 from 4)
